<?xml version="1.0" encoding="UTF-8"?>
<!-- Generated by org.testng.reporters.JUnitXMLReporter -->
<testsuite hostname="360NDCLP102" name="Test" tests="3" failures="0" timestamp="4 May 2019 10:59:26 GMT" time="36.423" errors="0">
  <testcase name="demoPageTitleTest" time="0.07" classname="com.se.qa.testcases.DemoPageTest"/>
  <testcase name="validateDemoPageLinkAvailableTest" time="0.173" classname="com.se.qa.testcases.DemoPageTest"/>
  <testcase name="openDemoPageTest" time="2.812" classname="com.se.qa.testcases.DemoPageTest"/>
</testsuite> <!-- Test -->
